Started POST "/home/mail" for ::1 at 2020-08-22 14:46:29 +0800
Processing by HomeController#mail as HTML
  Parameters: {"utf8"=>"✓", "authenticity_token"=>"4XeRs+tBTRYALx5vaeJ0X8oQp4wyOVzYNqryJJYHPgBcVCb+ZB3ENRATEk49GMM4e1xIBDV0F8KTQTGzBCNKMA==", "email"=>"yuito20071204@yahoo.co.jp", "name"=>"yuito"}
  [1m[35m (0.1ms)[0m  [1m[36mbegin transaction[0m
  ↳ app/controllers/home_controller.rb:10
  [1m[36mUser Create (10.0ms)[0m  [1m[32mINSERT INTO "users" ("name", "mail", "created_at", "updated_at") VALUES (?, ?, ?, ?)[0m  [["name", "yuito"], ["mail", "yuito20071204@yahoo.co.jp"], ["created_at", "2020-08-22 06:46:30.141296"], ["updated_at", "2020-08-22 06:46:30.141296"]]
  ↳ app/controllers/home_controller.rb:10
  [1m[35m (8.8ms)[0m  [1m[36mcommit transaction[0m
  ↳ app/controllers/home_controller.rb:10
  Rendering sample_mailer/send_when_admin_reply.html.erb within layouts/mailer
  Rendered sample_mailer/send_when_admin_reply.html.erb within layouts/mailer (0.7ms)
SampleMailer#send_when_admin_reply: processed outbound mail in 75.4ms
Sent mail to yuito20071204@yahoo.co.jp (21016.6ms)
Date: Sat, 22 Aug 2020 14:46:30 +0800
From: MOTIHOMES
To: yuito20071204@yahoo.co.jp
Message-ID: <5f40bf463e5e1_3fa4403434c799e0@DESKTOP-B7LD0U0.mail>
Subject: =?UTF-8?Q?MOTIHOMES?=
 =?UTF-8?Q?_=E3=81=8A=E5=95=8F=E3=81=84=E5=90=88=E3=82=8F=E3=81=9B=E3=81=82=E3=82=8A=E3=81=8C=E3=81=A8=E3=81=86=E3=81=94=E3=81=96=E3=81=84=E3=81=BE=E3=81=99?=
Mime-Version: 1.0
Content-Type: text/html;
 charset=UTF-8
Content-Transfer-Encoding: base64

PCFET0NUWVBFIGh0bWw+DQo8aHRtbD4NCiAgPGhlYWQ+DQogICAgPG1ldGEg
aHR0cC1lcXVpdj0iQ29udGVudC1UeXBlIiBjb250ZW50PSJ0ZXh0L2h0bWw7
IGNoYXJzZXQ9dXRmLTgiIC8+DQogICAgPHN0eWxlPg0KICAgICAgLyogRW1h
aWwgc3R5bGVzIG5lZWQgdG8gYmUgaW5saW5lICovDQogICAgPC9zdHlsZT4N
CiAgPC9oZWFkPg0KDQogIDxib2R5Pg0KICAgIDxoMj55dWl0byDmp5g8L2gy
Pg0KPHA+44GT44Gu5bqm44Gv44CB44GK5ZWP44GE5ZCI44KP44Gb44GC44KK
44GM44Go44GG44GU44GW44GE44G+44GX44Gf44CCPGJyPg0K44GT44Gh44KJ
44GL44KJ44Ob44O844Og44Oa44O844K45L2c5oiQ5L6d6aC844KS44GZ44KL
44GT44Go44GM44Gn44GN44G+44GZ44CCPGJyPg0KaHR0cHM6Ly9jb2NvbmFs
YS5jb20vc2VydmljZXMvMTMyMjIwOT9yZWY9dG9wX2Zhdm9yaXRlcyZyZWZf
a2luZD1ob21lJnJlZl9ubz0xDQo8L3A+DQoNCg0KPHA+5LuK5b6M44Go44KC
TU9USUhPTUVT44KS44KI44KN44GX44GP44GK6aGY44GE44GE44Gf44GX44G+
44GZ44CCPC9wPg0KICA8L2JvZHk+DQo8L2h0bWw+DQo=

Completed 500 Internal Server Error in 21146ms (ActiveRecord: 18.9ms)


  
Errno::ETIMEDOUT (A connection attempt failed because the connected party did not properly respond after a period of time, or established connection failed because connected host has failed to respond. - connect(2) for "smtp.gmail.com" port 587):
  
app/controllers/home_controller.rb:11:in `mail'
Started POST "/home/mail" for ::1 at 2020-08-22 14:47:37 +0800
  [1m[35m (0.8ms)[0m  [1m[34mSELECT "schema_migrations"."version" FROM "schema_migrations" ORDER BY "schema_migrations"."version" ASC[0m
  ↳ C:/Ruby26-x64/lib/ruby/gems/2.6.0/gems/activerecord-5.2.4.3/lib/active_record/log_subscriber.rb:98
Processing by HomeController#mail as HTML
  Parameters: {"utf8"=>"✓", "authenticity_token"=>"4XeRs+tBTRYALx5vaeJ0X8oQp4wyOVzYNqryJJYHPgBcVCb+ZB3ENRATEk49GMM4e1xIBDV0F8KTQTGzBCNKMA==", "email"=>"yuito20071204@yahoo.co.jp", "name"=>"yuito"}
  [1m[35m (0.1ms)[0m  [1m[36mbegin transaction[0m
  ↳ app/controllers/home_controller.rb:10
  [1m[36mUser Create (1.8ms)[0m  [1m[32mINSERT INTO "users" ("name", "mail", "created_at", "updated_at") VALUES (?, ?, ?, ?)[0m  [["name", "yuito"], ["mail", "yuito20071204@yahoo.co.jp"], ["created_at", "2020-08-22 06:47:39.400279"], ["updated_at", "2020-08-22 06:47:39.400279"]]
  ↳ app/controllers/home_controller.rb:10
  [1m[35m (6.4ms)[0m  [1m[36mcommit transaction[0m
  ↳ app/controllers/home_controller.rb:10
  Rendering sample_mailer/send_when_admin_reply.html.erb within layouts/mailer
  Rendered sample_mailer/send_when_admin_reply.html.erb within layouts/mailer (15.4ms)
SampleMailer#send_when_admin_reply: processed outbound mail in 645.5ms
Sent mail to yuito20071204@yahoo.co.jp (27830.0ms)
Date: Sat, 22 Aug 2020 14:47:42 +0800
From: MOTIHOMES
To: yuito20071204@yahoo.co.jp
Message-ID: <5f40bf8e378d5_30f4415b05426355@DESKTOP-B7LD0U0.mail>
Subject: =?UTF-8?Q?MOTIHOMES?=
 =?UTF-8?Q?_=E3=81=8A=E5=95=8F=E3=81=84=E5=90=88=E3=82=8F=E3=81=9B=E3=81=82=E3=82=8A=E3=81=8C=E3=81=A8=E3=81=86=E3=81=94=E3=81=96=E3=81=84=E3=81=BE=E3=81=99?=
Mime-Version: 1.0
Content-Type: text/html;
 charset=UTF-8
Content-Transfer-Encoding: base64

PCFET0NUWVBFIGh0bWw+DQo8aHRtbD4NCiAgPGhlYWQ+DQogICAgPG1ldGEg
aHR0cC1lcXVpdj0iQ29udGVudC1UeXBlIiBjb250ZW50PSJ0ZXh0L2h0bWw7
IGNoYXJzZXQ9dXRmLTgiIC8+DQogICAgPHN0eWxlPg0KICAgICAgLyogRW1h
aWwgc3R5bGVzIG5lZWQgdG8gYmUgaW5saW5lICovDQogICAgPC9zdHlsZT4N
CiAgPC9oZWFkPg0KDQogIDxib2R5Pg0KICAgIDxoMj55dWl0byDmp5g8L2gy
Pg0KPHA+44GT44Gu5bqm44Gv44CB44GK5ZWP44GE5ZCI44KP44Gb44GC44KK
44GM44Go44GG44GU44GW44GE44G+44GX44Gf44CCPGJyPg0K44GT44Gh44KJ
44GL44KJ44Ob44O844Og44Oa44O844K45L2c5oiQ5L6d6aC844KS44GZ44KL
44GT44Go44GM44Gn44GN44G+44GZ44CCPGJyPg0KaHR0cHM6Ly9jb2NvbmFs
YS5jb20vc2VydmljZXMvMTMyMjIwOT9yZWY9dG9wX2Zhdm9yaXRlcyZyZWZf
a2luZD1ob21lJnJlZl9ubz0xDQo8L3A+DQoNCg0KPHA+5LuK5b6M44Go44KC
TU9USUhPTUVT44KS44KI44KN44GX44GP44GK6aGY44GE44GE44Gf44GX44G+
44GZ44CCPC9wPg0KICA8L2JvZHk+DQo8L2h0bWw+DQo=

Completed 500 Internal Server Error in 30987ms (ActiveRecord: 12.9ms)


  
EOFError (end of file reached):
  
app/controllers/home_controller.rb:11:in `mail'
Started GET "/home/newmail" for ::1 at 2020-08-22 14:48:23 +0800
Processing by HomeController#newmail as HTML
  Rendering home/newmail.html.erb within layouts/application
  Rendered home/newmail.html.erb within layouts/application (1.2ms)
Completed 200 OK in 998ms (Views: 978.6ms | ActiveRecord: 0.0ms)


Started POST "/home/mail" for ::1 at 2020-08-22 14:48:32 +0800
Processing by HomeController#mail as HTML
  Parameters: {"utf8"=>"✓", "authenticity_token"=>"ijdB1E8Kes3PALg9e4tj46dqqh8Tl0l0WTK0MQBURbs3FPaZwFbz7t88tBwvcdSEFiZFlxTaAm782XemknAxiw==", "email"=>"yuito20071204@yahoo.co.jp", "name"=>"a"}
  [1m[35m (0.1ms)[0m  [1m[36mbegin transaction[0m
  ↳ app/controllers/home_controller.rb:10
  [1m[36mUser Create (21.9ms)[0m  [1m[32mINSERT INTO "users" ("name", "mail", "created_at", "updated_at") VALUES (?, ?, ?, ?)[0m  [["name", "a"], ["mail", "yuito20071204@yahoo.co.jp"], ["created_at", "2020-08-22 06:48:32.939437"], ["updated_at", "2020-08-22 06:48:32.939437"]]
  ↳ app/controllers/home_controller.rb:10
  [1m[35m (23.0ms)[0m  [1m[36mcommit transaction[0m
  ↳ app/controllers/home_controller.rb:10
  Rendering sample_mailer/send_when_admin_reply.html.erb within layouts/mailer
  Rendered sample_mailer/send_when_admin_reply.html.erb within layouts/mailer (0.9ms)
SampleMailer#send_when_admin_reply: processed outbound mail in 144.3ms
Sent mail to yuito20071204@yahoo.co.jp (20125.8ms)
Date: Sat, 22 Aug 2020 14:48:33 +0800
From: MOTIHOMES
To: yuito20071204@yahoo.co.jp
Message-ID: <5f40bfc125b35_30f4415b05426486@DESKTOP-B7LD0U0.mail>
Subject: =?UTF-8?Q?MOTIHOMES?=
 =?UTF-8?Q?_=E3=81=8A=E5=95=8F=E3=81=84=E5=90=88=E3=82=8F=E3=81=9B=E3=81=82=E3=82=8A=E3=81=8C=E3=81=A8=E3=81=86=E3=81=94=E3=81=96=E3=81=84=E3=81=BE=E3=81=99?=
Mime-Version: 1.0
Content-Type: text/html;
 charset=UTF-8
Content-Transfer-Encoding: base64

PCFET0NUWVBFIGh0bWw+DQo8aHRtbD4NCiAgPGhlYWQ+DQogICAgPG1ldGEg
aHR0cC1lcXVpdj0iQ29udGVudC1UeXBlIiBjb250ZW50PSJ0ZXh0L2h0bWw7
IGNoYXJzZXQ9dXRmLTgiIC8+DQogICAgPHN0eWxlPg0KICAgICAgLyogRW1h
aWwgc3R5bGVzIG5lZWQgdG8gYmUgaW5saW5lICovDQogICAgPC9zdHlsZT4N
CiAgPC9oZWFkPg0KDQogIDxib2R5Pg0KICAgIDxoMj5hIOanmDwvaDI+DQo8
cD7jgZPjga7luqbjga/jgIHjgYrllY/jgYTlkIjjgo/jgZvjgYLjgorjgYzj
gajjgYbjgZTjgZbjgYTjgb7jgZfjgZ/jgII8YnI+DQrjgZPjgaHjgonjgYvj
gonjg5vjg7zjg6Djg5rjg7zjgrjkvZzmiJDkvp3poLzjgpLjgZnjgovjgZPj
gajjgYzjgafjgY3jgb7jgZnjgII8YnI+DQpodHRwczovL2NvY29uYWxhLmNv
bS9zZXJ2aWNlcy8xMzIyMjA5P3JlZj10b3BfZmF2b3JpdGVzJnJlZl9raW5k
PWhvbWUmcmVmX25vPTENCjwvcD4NCg0KDQo8cD7ku4rlvozjgajjgoJNT1RJ
SE9NRVPjgpLjgojjgo3jgZfjgY/jgYrpoZjjgYTjgYTjgZ/jgZfjgb7jgZnj
gII8L3A+DQogIDwvYm9keT4NCjwvaHRtbD4NCg==

Completed 500 Internal Server Error in 20444ms (ActiveRecord: 44.9ms)


  
EOFError (end of file reached):
  
app/controllers/home_controller.rb:11:in `mail'
Started POST "/home/mail" for ::1 at 2020-08-22 14:54:05 +0800
Processing by HomeController#mail as HTML
  Parameters: {"utf8"=>"✓", "authenticity_token"=>"ijdB1E8Kes3PALg9e4tj46dqqh8Tl0l0WTK0MQBURbs3FPaZwFbz7t88tBwvcdSEFiZFlxTaAm782XemknAxiw==", "email"=>"yuito20071204@yahoo.co.jp", "name"=>"a"}
  [1m[35m (0.1ms)[0m  [1m[36mbegin transaction[0m
  ↳ app/controllers/home_controller.rb:10
  [1m[36mUser Create (28.2ms)[0m  [1m[32mINSERT INTO "users" ("name", "mail", "created_at", "updated_at") VALUES (?, ?, ?, ?)[0m  [["name", "a"], ["mail", "yuito20071204@yahoo.co.jp"], ["created_at", "2020-08-22 06:54:06.222266"], ["updated_at", "2020-08-22 06:54:06.222266"]]
  ↳ app/controllers/home_controller.rb:10
  [1m[35m (42.1ms)[0m  [1m[36mcommit transaction[0m
  ↳ app/controllers/home_controller.rb:10
  Rendering sample_mailer/send_when_admin_reply.html.erb within layouts/mailer
  Rendered sample_mailer/send_when_admin_reply.html.erb within layouts/mailer (0.9ms)
SampleMailer#send_when_admin_reply: processed outbound mail in 62.5ms
Sent mail to yuito20071204@yahoo.co.jp (20175.7ms)
Date: Sat, 22 Aug 2020 14:54:06 +0800
From: MOTIHOMES
To: yuito20071204@yahoo.co.jp
Message-ID: <5f40c10e90c38_30f4415b428265be@DESKTOP-B7LD0U0.mail>
Subject: =?UTF-8?Q?MOTIHOMES?=
 =?UTF-8?Q?_=E3=81=8A=E5=95=8F=E3=81=84=E5=90=88=E3=82=8F=E3=81=9B=E3=81=82=E3=82=8A=E3=81=8C=E3=81=A8=E3=81=86=E3=81=94=E3=81=96=E3=81=84=E3=81=BE=E3=81=99?=
Mime-Version: 1.0
Content-Type: text/html;
 charset=UTF-8
Content-Transfer-Encoding: base64

PCFET0NUWVBFIGh0bWw+DQo8aHRtbD4NCiAgPGhlYWQ+DQogICAgPG1ldGEg
aHR0cC1lcXVpdj0iQ29udGVudC1UeXBlIiBjb250ZW50PSJ0ZXh0L2h0bWw7
IGNoYXJzZXQ9dXRmLTgiIC8+DQogICAgPHN0eWxlPg0KICAgICAgLyogRW1h
aWwgc3R5bGVzIG5lZWQgdG8gYmUgaW5saW5lICovDQogICAgPC9zdHlsZT4N
CiAgPC9oZWFkPg0KDQogIDxib2R5Pg0KICAgIDxoMj5hIOanmDwvaDI+DQo8
cD7jgZPjga7luqbjga/jgIHjgYrllY/jgYTlkIjjgo/jgZvjgYLjgorjgYzj
gajjgYbjgZTjgZbjgYTjgb7jgZfjgZ/jgII8YnI+DQrjgZPjgaHjgonjgYvj
gonjg5vjg7zjg6Djg5rjg7zjgrjkvZzmiJDkvp3poLzjgpLjgZnjgovjgZPj
gajjgYzjgafjgY3jgb7jgZnjgII8YnI+DQpodHRwczovL2NvY29uYWxhLmNv
bS9zZXJ2aWNlcy8xMzIyMjA5P3JlZj10b3BfZmF2b3JpdGVzJnJlZl9raW5k
PWhvbWUmcmVmX25vPTENCjwvcD4NCg0KDQo8cD7ku4rlvozjgajjgoJNT1RJ
SE9NRVPjgpLjgojjgo3jgZfjgY/jgYrpoZjjgYTjgYTjgZ/jgZfjgb7jgZnj
gII8L3A+DQogIDwvYm9keT4NCjwvaHRtbD4NCg==

Completed 500 Internal Server Error in 20804ms (ActiveRecord: 72.3ms)


  
EOFError (end of file reached):
  
app/controllers/home_controller.rb:11:in `mail'
Started POST "/home/mail" for ::1 at 2020-08-22 14:56:30 +0800
Processing by HomeController#mail as HTML
  Parameters: {"utf8"=>"✓", "authenticity_token"=>"ijdB1E8Kes3PALg9e4tj46dqqh8Tl0l0WTK0MQBURbs3FPaZwFbz7t88tBwvcdSEFiZFlxTaAm782XemknAxiw==", "email"=>"yuito20071204@yahoo.co.jp", "name"=>"a"}
  [1m[35m (0.3ms)[0m  [1m[36mbegin transaction[0m
  ↳ app/controllers/home_controller.rb:10
  [1m[36mUser Create (9.2ms)[0m  [1m[32mINSERT INTO "users" ("name", "mail", "created_at", "updated_at") VALUES (?, ?, ?, ?)[0m  [["name", "a"], ["mail", "yuito20071204@yahoo.co.jp"], ["created_at", "2020-08-22 06:56:30.724549"], ["updated_at", "2020-08-22 06:56:30.724549"]]
  ↳ app/controllers/home_controller.rb:10
  [1m[35m (21.8ms)[0m  [1m[36mcommit transaction[0m
  ↳ app/controllers/home_controller.rb:10
  Rendering sample_mailer/send_when_admin_reply.html.erb within layouts/mailer
  Rendered sample_mailer/send_when_admin_reply.html.erb within layouts/mailer (0.4ms)
SampleMailer#send_when_admin_reply: processed outbound mail in 46.6ms
Started GET "/home/newmail" for ::1 at 2020-08-22 14:56:45 +0800
Sent mail to yuito20071204@yahoo.co.jp (20284.4ms)
Date: Sat, 22 Aug 2020 14:56:31 +0800
From: MOTIHOMES
To: yuito20071204@yahoo.co.jp
Message-ID: <5f40c19fb0c_30f4415aeb0266e9@DESKTOP-B7LD0U0.mail>
Subject: =?UTF-8?Q?MOTIHOMES?=
 =?UTF-8?Q?_=E3=81=8A=E5=95=8F=E3=81=84=E5=90=88=E3=82=8F=E3=81=9B=E3=81=82=E3=82=8A=E3=81=8C=E3=81=A8=E3=81=86=E3=81=94=E3=81=96=E3=81=84=E3=81=BE=E3=81=99?=
Mime-Version: 1.0
Content-Type: text/html;
 charset=UTF-8
Content-Transfer-Encoding: base64

PCFET0NUWVBFIGh0bWw+DQo8aHRtbD4NCiAgPGhlYWQ+DQogICAgPG1ldGEg
aHR0cC1lcXVpdj0iQ29udGVudC1UeXBlIiBjb250ZW50PSJ0ZXh0L2h0bWw7
IGNoYXJzZXQ9dXRmLTgiIC8+DQogICAgPHN0eWxlPg0KICAgICAgLyogRW1h
aWwgc3R5bGVzIG5lZWQgdG8gYmUgaW5saW5lICovDQogICAgPC9zdHlsZT4N
CiAgPC9oZWFkPg0KDQogIDxib2R5Pg0KICAgIDxoMj5hIOanmDwvaDI+DQo8
cD7jgZPjga7luqbjga/jgIHjgYrllY/jgYTlkIjjgo/jgZvjgYLjgorjgYzj
gajjgYbjgZTjgZbjgYTjgb7jgZfjgZ/jgII8YnI+DQrjgZPjgaHjgonjgYvj
gonjg5vjg7zjg6Djg5rjg7zjgrjkvZzmiJDkvp3poLzjgpLjgZnjgovjgZPj
gajjgYzjgafjgY3jgb7jgZnjgII8YnI+DQpodHRwczovL2NvY29uYWxhLmNv
bS9zZXJ2aWNlcy8xMzIyMjA5P3JlZj10b3BfZmF2b3JpdGVzJnJlZl9raW5k
PWhvbWUmcmVmX25vPTENCjwvcD4NCg0KDQo8cD7ku4rlvozjgajjgoJNT1RJ
SE9NRVPjgpLjgojjgo3jgZfjgY/jgYrpoZjjgYTjgYTjgZ/jgZfjgb7jgZnj
gII8L3A+DQogIDwvYm9keT4NCjwvaHRtbD4NCg==

Completed 500 Internal Server Error in 20662ms (ActiveRecord: 35.8ms)


  
EOFError (end of file reached):
  
app/controllers/home_controller.rb:12:in `mail'
Processing by HomeController#newmail as HTML
  Rendering home/newmail.html.erb within layouts/application
  Rendered home/newmail.html.erb within layouts/application (1.1ms)
Completed 200 OK in 154ms (Views: 147.7ms | ActiveRecord: 0.0ms)


Started POST "/home/mail" for ::1 at 2020-08-22 14:56:59 +0800
Processing by HomeController#mail as HTML
  Parameters: {"utf8"=>"✓", "authenticity_token"=>"Nys/1wBRKzN5EiB/iM+XXW3qD1uKSXGvPPjRxJ2/20iKCIiajw2iEGkuLF7cNSA63Kbg040EOrWZExJTD5uveA==", "email"=>"yuito20071204@yahoo.co.jp", "name"=>"a"}
  [1m[35m (0.4ms)[0m  [1m[36mbegin transaction[0m
  ↳ app/controllers/home_controller.rb:10
  [1m[36mUser Create (9.3ms)[0m  [1m[32mINSERT INTO "users" ("name", "mail", "created_at", "updated_at") VALUES (?, ?, ?, ?)[0m  [["name", "a"], ["mail", "yuito20071204@yahoo.co.jp"], ["created_at", "2020-08-22 06:56:59.295168"], ["updated_at", "2020-08-22 06:56:59.295168"]]
  ↳ app/controllers/home_controller.rb:10
  [1m[35m (11.9ms)[0m  [1m[36mcommit transaction[0m
  ↳ app/controllers/home_controller.rb:10
  Rendering sample_mailer/send_when_admin_reply.html.erb within layouts/mailer
  Rendered sample_mailer/send_when_admin_reply.html.erb within layouts/mailer (0.5ms)
SampleMailer#send_when_admin_reply: processed outbound mail in 49.6ms
Sent mail to yuito20071204@yahoo.co.jp (20363.0ms)
Date: Sat, 22 Aug 2020 14:56:59 +0800
From: MOTIHOMES
To: yuito20071204@yahoo.co.jp
Message-ID: <5f40c1bb7a6fc_30f4415ad2026720@DESKTOP-B7LD0U0.mail>
Subject: =?UTF-8?Q?MOTIHOMES?=
 =?UTF-8?Q?_=E3=81=8A=E5=95=8F=E3=81=84=E5=90=88=E3=82=8F=E3=81=9B=E3=81=82=E3=82=8A=E3=81=8C=E3=81=A8=E3=81=86=E3=81=94=E3=81=96=E3=81=84=E3=81=BE=E3=81=99?=
Mime-Version: 1.0
Content-Type: text/html;
 charset=UTF-8
Content-Transfer-Encoding: base64

PCFET0NUWVBFIGh0bWw+DQo8aHRtbD4NCiAgPGhlYWQ+DQogICAgPG1ldGEg
aHR0cC1lcXVpdj0iQ29udGVudC1UeXBlIiBjb250ZW50PSJ0ZXh0L2h0bWw7
IGNoYXJzZXQ9dXRmLTgiIC8+DQogICAgPHN0eWxlPg0KICAgICAgLyogRW1h
aWwgc3R5bGVzIG5lZWQgdG8gYmUgaW5saW5lICovDQogICAgPC9zdHlsZT4N
CiAgPC9oZWFkPg0KDQogIDxib2R5Pg0KICAgIDxoMj5hIOanmDwvaDI+DQo8
cD7jgZPjga7luqbjga/jgIHjgYrllY/jgYTlkIjjgo/jgZvjgYLjgorjgYzj
gajjgYbjgZTjgZbjgYTjgb7jgZfjgZ/jgII8YnI+DQrjgZPjgaHjgonjgYvj
gonjg5vjg7zjg6Djg5rjg7zjgrjkvZzmiJDkvp3poLzjgpLjgZnjgovjgZPj
gajjgYzjgafjgY3jgb7jgZnjgII8YnI+DQpodHRwczovL2NvY29uYWxhLmNv
bS9zZXJ2aWNlcy8xMzIyMjA5P3JlZj10b3BfZmF2b3JpdGVzJnJlZl9raW5k
PWhvbWUmcmVmX25vPTENCjwvcD4NCg0KDQo8cD7ku4rlvozjgajjgoJNT1RJ
SE9NRVPjgpLjgojjgo3jgZfjgY/jgYrpoZjjgYTjgYTjgZ/jgZfjgb7jgZnj
gII8L3A+DQogIDwvYm9keT4NCjwvaHRtbD4NCg==

Completed 500 Internal Server Error in 20712ms (ActiveRecord: 23.7ms)


  
EOFError (end of file reached):
  
app/controllers/home_controller.rb:12:in `mail'
Started POST "/home/mail" for ::1 at 2020-08-22 14:58:10 +0800
Processing by HomeController#mail as HTML
  Parameters: {"utf8"=>"✓", "authenticity_token"=>"Nys/1wBRKzN5EiB/iM+XXW3qD1uKSXGvPPjRxJ2/20iKCIiajw2iEGkuLF7cNSA63Kbg040EOrWZExJTD5uveA==", "email"=>"yuito20071204@yahoo.co.jp", "name"=>"a"}
  [1m[35m (0.1ms)[0m  [1m[36mbegin transaction[0m
  ↳ app/controllers/home_controller.rb:10
  [1m[36mUser Create (13.1ms)[0m  [1m[32mINSERT INTO "users" ("name", "mail", "created_at", "updated_at") VALUES (?, ?, ?, ?)[0m  [["name", "a"], ["mail", "yuito20071204@yahoo.co.jp"], ["created_at", "2020-08-22 06:58:11.294719"], ["updated_at", "2020-08-22 06:58:11.294719"]]
  ↳ app/controllers/home_controller.rb:10
  [1m[35m (7.2ms)[0m  [1m[36mcommit transaction[0m
  ↳ app/controllers/home_controller.rb:10
  [1m[36mUser Load (1.0ms)[0m  [1m[34mSELECT  "users".* FROM "users" WHERE "users"."mail" = ? LIMIT ?[0m  [["mail", "yuito20071204@yahoo.co.jp"], ["LIMIT", 1]]
  ↳ app/controllers/home_controller.rb:11
  Rendering sample_mailer/send_when_admin_reply.html.erb within layouts/mailer
  Rendered sample_mailer/send_when_admin_reply.html.erb within layouts/mailer (0.8ms)
SampleMailer#send_when_admin_reply: processed outbound mail in 50.7ms
Sent mail to yuito20071204@yahoo.co.jp (20333.7ms)
Date: Sat, 22 Aug 2020 14:58:11 +0800
From: MOTIHOMES
To: yuito20071204@yahoo.co.jp
Message-ID: <5f40c203a5e52_30f4415b2ac26828@DESKTOP-B7LD0U0.mail>
Subject: =?UTF-8?Q?MOTIHOMES?=
 =?UTF-8?Q?_=E3=81=8A=E5=95=8F=E3=81=84=E5=90=88=E3=82=8F=E3=81=9B=E3=81=82=E3=82=8A=E3=81=8C=E3=81=A8=E3=81=86=E3=81=94=E3=81=96=E3=81=84=E3=81=BE=E3=81=99?=
Mime-Version: 1.0
Content-Type: text/html;
 charset=UTF-8
Content-Transfer-Encoding: base64

PCFET0NUWVBFIGh0bWw+DQo8aHRtbD4NCiAgPGhlYWQ+DQogICAgPG1ldGEg
aHR0cC1lcXVpdj0iQ29udGVudC1UeXBlIiBjb250ZW50PSJ0ZXh0L2h0bWw7
IGNoYXJzZXQ9dXRmLTgiIC8+DQogICAgPHN0eWxlPg0KICAgICAgLyogRW1h
aWwgc3R5bGVzIG5lZWQgdG8gYmUgaW5saW5lICovDQogICAgPC9zdHlsZT4N
CiAgPC9oZWFkPg0KDQogIDxib2R5Pg0KICAgIDxoMj5ZdWl0byDmp5g8L2gy
Pg0KPHA+44GT44Gu5bqm44Gv44CB44GK5ZWP44GE5ZCI44KP44Gb44GC44KK
44GM44Go44GG44GU44GW44GE44G+44GX44Gf44CCPGJyPg0K44GT44Gh44KJ
44GL44KJ44Ob44O844Og44Oa44O844K45L2c5oiQ5L6d6aC844KS44GZ44KL
44GT44Go44GM44Gn44GN44G+44GZ44CCPGJyPg0KaHR0cHM6Ly9jb2NvbmFs
YS5jb20vc2VydmljZXMvMTMyMjIwOT9yZWY9dG9wX2Zhdm9yaXRlcyZyZWZf
a2luZD1ob21lJnJlZl9ubz0xDQo8L3A+DQoNCg0KPHA+5LuK5b6M44Go44KC
TU9USUhPTUVT44KS44KI44KN44GX44GP44GK6aGY44GE44GE44Gf44GX44G+
44GZ44CCPC9wPg0KICA8L2JvZHk+DQo8L2h0bWw+DQo=

Completed 500 Internal Server Error in 20860ms (ActiveRecord: 28.2ms)


  
EOFError (end of file reached):
  
app/controllers/home_controller.rb:12:in `mail'
Started POST "/home/mail" for ::1 at 2020-08-22 14:58:39 +0800
Processing by HomeController#mail as HTML
  Parameters: {"utf8"=>"✓", "authenticity_token"=>"Nys/1wBRKzN5EiB/iM+XXW3qD1uKSXGvPPjRxJ2/20iKCIiajw2iEGkuLF7cNSA63Kbg040EOrWZExJTD5uveA==", "email"=>"yuito20071204@yahoo.co.jp", "name"=>"a"}
  [1m[35m (0.1ms)[0m  [1m[36mbegin transaction[0m
  ↳ app/controllers/home_controller.rb:10
  [1m[36mUser Create (29.7ms)[0m  [1m[32mINSERT INTO "users" ("name", "mail", "created_at", "updated_at") VALUES (?, ?, ?, ?)[0m  [["name", "a"], ["mail", "yuito20071204@yahoo.co.jp"], ["created_at", "2020-08-22 06:58:40.075188"], ["updated_at", "2020-08-22 06:58:40.075188"]]
  ↳ app/controllers/home_controller.rb:10
  [1m[35m (6.1ms)[0m  [1m[36mcommit transaction[0m
  ↳ app/controllers/home_controller.rb:10
  [1m[36mUser Load (0.5ms)[0m  [1m[34mSELECT  "users".* FROM "users" WHERE "users"."mail" = ? LIMIT ?[0m  [["mail", "yuito20071204@yahoo.co.jp"], ["LIMIT", 1]]
  ↳ app/controllers/home_controller.rb:11
Completed 500 Internal Server Error in 211ms (ActiveRecord: 38.7ms)


  
SyntaxError (C:/Users/kzy19/Desktop/program/homes/app/mailers/sample_mailer.rb:2: formal argument cannot be an instance variable
...def send_when_admin_reply(@user)#メソッドに対して引...
...                          ^~~~~):
  
app/mailers/sample_mailer.rb:2: formal argument cannot be an instance variable
app/controllers/home_controller.rb:12:in `mail'
Started POST "/home/mail" for ::1 at 2020-08-22 15:02:47 +0800
Processing by HomeController#mail as HTML
  Parameters: {"utf8"=>"✓", "authenticity_token"=>"Nys/1wBRKzN5EiB/iM+XXW3qD1uKSXGvPPjRxJ2/20iKCIiajw2iEGkuLF7cNSA63Kbg040EOrWZExJTD5uveA==", "email"=>"yuito20071204@yahoo.co.jp", "name"=>"a"}
  [1m[35m (0.1ms)[0m  [1m[36mbegin transaction[0m
  ↳ app/controllers/home_controller.rb:10
  [1m[36mUser Create (8.4ms)[0m  [1m[32mINSERT INTO "users" ("name", "mail", "created_at", "updated_at") VALUES (?, ?, ?, ?)[0m  [["name", "a"], ["mail", "yuito20071204@yahoo.co.jp"], ["created_at", "2020-08-22 07:02:48.327505"], ["updated_at", "2020-08-22 07:02:48.327505"]]
  ↳ app/controllers/home_controller.rb:10
  [1m[35m (21.2ms)[0m  [1m[36mcommit transaction[0m
  ↳ app/controllers/home_controller.rb:10
  [1m[36mUser Load (0.4ms)[0m  [1m[34mSELECT  "users".* FROM "users" WHERE "users"."mail" = ? LIMIT ?[0m  [["mail", "yuito20071204@yahoo.co.jp"], ["LIMIT", 1]]
  ↳ app/controllers/home_controller.rb:11
  Rendering sample_mailer/send_when_admin_reply.html.erb within layouts/mailer
  Rendered sample_mailer/send_when_admin_reply.html.erb within layouts/mailer (13.9ms)
SampleMailer#send_when_admin_reply: processed outbound mail in 67.0ms
Completed 500 Internal Server Error in 352ms (ActiveRecord: 33.4ms)


  
ActionView::Template::Error (undefined method `name' for nil:NilClass):
    1: <h2><%= @user.name %> 様</h2>
    2: <p>この度は、お問い合わせありがとうございました。<br>
    3: こちらからホームページ作成依頼をすることができます。<br>
    4: https://coconala.com/services/1322209?ref=top_favorites&ref_kind=home&ref_no=1
  
app/views/sample_mailer/send_when_admin_reply.html.erb:1:in `_app_views_sample_mailer_send_when_admin_reply_html_erb__577655965_127352120'
app/mailers/sample_mailer.rb:3:in `send_when_admin_reply'
app/controllers/home_controller.rb:12:in `mail'
Started POST "/home/mail" for ::1 at 2020-08-22 15:06:31 +0800
Processing by HomeController#mail as HTML
  Parameters: {"utf8"=>"✓", "authenticity_token"=>"Nys/1wBRKzN5EiB/iM+XXW3qD1uKSXGvPPjRxJ2/20iKCIiajw2iEGkuLF7cNSA63Kbg040EOrWZExJTD5uveA==", "email"=>"yuito20071204@yahoo.co.jp", "name"=>"a"}
  [1m[35m (0.1ms)[0m  [1m[36mbegin transaction[0m
  ↳ app/controllers/home_controller.rb:10
  [1m[36mUser Create (13.2ms)[0m  [1m[32mINSERT INTO "users" ("name", "mail", "created_at", "updated_at") VALUES (?, ?, ?, ?)[0m  [["name", "a"], ["mail", "yuito20071204@yahoo.co.jp"], ["created_at", "2020-08-22 07:06:31.843599"], ["updated_at", "2020-08-22 07:06:31.843599"]]
  ↳ app/controllers/home_controller.rb:10
  [1m[35m (8.4ms)[0m  [1m[36mcommit transaction[0m
  ↳ app/controllers/home_controller.rb:10
  Rendering sample_mailer/send_when_admin_reply.html.erb within layouts/mailer
  Rendered sample_mailer/send_when_admin_reply.html.erb within layouts/mailer (0.4ms)
  Rendering sample_mailer/send_when_admin_reply.text.erb within layouts/mailer
  Rendered sample_mailer/send_when_admin_reply.text.erb within layouts/mailer (1.0ms)
SampleMailer#send_when_admin_reply: processed outbound mail in 83.1ms
Sent mail to yuito20071204@yahoo.co.jp (20354.1ms)
Date: Sat, 22 Aug 2020 15:06:32 +0800
From: MOTIHOMES
To: yuito20071204@yahoo.co.jp
Message-ID: <5f40c3f8183cb_30f4415aeb02706b@DESKTOP-B7LD0U0.mail>
Subject: =?UTF-8?Q?MOTIHOMES?=
 =?UTF-8?Q?_=E3=81=8A=E5=95=8F=E3=81=84=E5=90=88=E3=82=8F=E3=81=9B=E3=81=82=E3=82=8A=E3=81=8C=E3=81=A8=E3=81=86=E3=81=94=E3=81=96=E3=81=84=E3=81=BE=E3=81=99?=
Mime-Version: 1.0
Content-Type: multipart/alternative;
 boundary="--==_mimepart_5f40c3f8171ea_30f4415aeb02697e";
 charset=UTF-8
Content-Transfer-Encoding: 7bit


----==_mimepart_5f40c3f8171ea_30f4415aeb02697e
Content-Type: text/plain;
 charset=UTF-8
Content-Transfer-Encoding: base64

PT09PT09PT09PT09PT09PT09PT09PT09PT09PT09PQ0KYSDmp5gNCj09PT09
PT09PT09PT09PT09PT09PT09PT09PT09PT0NCg0K44GT44Gu5bqm44Gv44CB
44GK5ZWP44GE5ZCI44KP44Gb44GC44KK44GM44Go44GG44GU44GW44GE44G+
44GX44Gf44CCDQrjgZPjgaHjgonjgYvjgonjg5vjg7zjg6Djg5rjg7zjgrjk
vZzmiJDkvp3poLzjgpLjgZnjgovjgZPjgajjgYzjgafjgY3jgb7jgZnjgIIN
Cmh0dHBzOi8vY29jb25hbGEuY29tL3NlcnZpY2VzLzEzMjIyMDk/cmVmPXRv
cF9mYXZvcml0ZXMmcmVmX2tpbmQ9aG9tZSZyZWZfbm89MQ0KDQrku4rlvozj
gajjgoIgTU9USUhPTUVTIOOCkuOCiOOCjeOBl+OBj+OBiumhmOOBhOOBhOOB
n+OBl+OBvuOBmeOAgg0KDQo=

----==_mimepart_5f40c3f8171ea_30f4415aeb02697e
Content-Type: text/html;
 charset=UTF-8
Content-Transfer-Encoding: base64

PCFET0NUWVBFIGh0bWw+DQo8aHRtbD4NCiAgPGhlYWQ+DQogICAgPG1ldGEg
aHR0cC1lcXVpdj0iQ29udGVudC1UeXBlIiBjb250ZW50PSJ0ZXh0L2h0bWw7
IGNoYXJzZXQ9dXRmLTgiIC8+DQogICAgPHN0eWxlPg0KICAgICAgLyogRW1h
aWwgc3R5bGVzIG5lZWQgdG8gYmUgaW5saW5lICovDQogICAgPC9zdHlsZT4N
CiAgPC9oZWFkPg0KDQogIDxib2R5Pg0KICAgIDxoMj5hIOanmDwvaDI+DQo8
cD7jgZPjga7luqbjga/jgIHjgYrllY/jgYTlkIjjgo/jgZvjgYLjgorjgYzj
gajjgYbjgZTjgZbjgYTjgb7jgZfjgZ/jgII8YnI+DQrjgZPjgaHjgonjgYvj
gonjg5vjg7zjg6Djg5rjg7zjgrjkvZzmiJDkvp3poLzjgpLjgZnjgovjgZPj
gajjgYzjgafjgY3jgb7jgZnjgII8YnI+DQpodHRwczovL2NvY29uYWxhLmNv
bS9zZXJ2aWNlcy8xMzIyMjA5P3JlZj10b3BfZmF2b3JpdGVzJnJlZl9raW5k
PWhvbWUmcmVmX25vPTENCjwvcD4NCg0KDQo8cD7ku4rlvozjgajjgoJNT1RJ
SE9NRVPjgpLjgojjgo3jgZfjgY/jgYrpoZjjgYTjgYTjgZ/jgZfjgb7jgZnj
gII8L3A+DQogIDwvYm9keT4NCjwvaHRtbD4NCg==

----==_mimepart_5f40c3f8171ea_30f4415aeb02697e--

Completed 500 Internal Server Error in 20840ms (ActiveRecord: 23.2ms)


  
EOFError (end of file reached):
  
app/controllers/home_controller.rb:11:in `mail'
Started POST "/home/mail" for ::1 at 2020-08-22 15:10:22 +0800
Processing by HomeController#mail as HTML
  Parameters: {"utf8"=>"✓", "authenticity_token"=>"Nys/1wBRKzN5EiB/iM+XXW3qD1uKSXGvPPjRxJ2/20iKCIiajw2iEGkuLF7cNSA63Kbg040EOrWZExJTD5uveA==", "email"=>"yuito20071204@yahoo.co.jp", "name"=>"a"}
  [1m[35m (6.1ms)[0m  [1m[36mbegin transaction[0m
  ↳ app/controllers/home_controller.rb:10
  [1m[36mUser Create (22.2ms)[0m  [1m[32mINSERT INTO "users" ("name", "mail", "created_at", "updated_at") VALUES (?, ?, ?, ?)[0m  [["name", "a"], ["mail", "yuito20071204@yahoo.co.jp"], ["created_at", "2020-08-22 07:10:23.398950"], ["updated_at", "2020-08-22 07:10:23.398950"]]
  ↳ app/controllers/home_controller.rb:10
  [1m[35m (12.5ms)[0m  [1m[36mcommit transaction[0m
  ↳ app/controllers/home_controller.rb:10
  Rendering sample_mailer/send_when_admin_reply.html.erb within layouts/mailer
  Rendered sample_mailer/send_when_admin_reply.html.erb within layouts/mailer (0.7ms)
  Rendering sample_mailer/send_when_admin_reply.text.erb within layouts/mailer
  Rendered sample_mailer/send_when_admin_reply.text.erb within layouts/mailer (0.5ms)
SampleMailer#send_when_admin_reply: processed outbound mail in 77.4ms
Sent mail to yuito20071204@yahoo.co.jp (20129.9ms)
Date: Sat, 22 Aug 2020 15:10:23 +0800
From: MOTIHOMES
To: yuito20071204@yahoo.co.jp
Message-ID: <5f40c4df9bd5a_30f4415b2ac272f8@DESKTOP-B7LD0U0.mail>
Subject: =?UTF-8?Q?MOTIHOMES?=
 =?UTF-8?Q?_=E3=81=8A=E5=95=8F=E3=81=84=E5=90=88=E3=82=8F=E3=81=9B=E3=81=82=E3=82=8A=E3=81=8C=E3=81=A8=E3=81=86=E3=81=94=E3=81=96=E3=81=84=E3=81=BE=E3=81=99?=
Mime-Version: 1.0
Content-Type: multipart/alternative;
 boundary="--==_mimepart_5f40c4df944a8_30f4415b2ac271b0";
 charset=UTF-8
Content-Transfer-Encoding: 7bit


----==_mimepart_5f40c4df944a8_30f4415b2ac271b0
Content-Type: text/plain;
 charset=UTF-8
Content-Transfer-Encoding: base64

PT09PT09PT09PT09PT09PT09PT09PT09PT09PT09PQ0KYSDmp5gNCj09PT09
PT09PT09PT09PT09PT09PT09PT09PT09PT0NCg0K44GT44Gu5bqm44Gv44CB
44GK5ZWP44GE5ZCI44KP44Gb44GC44KK44GM44Go44GG44GU44GW44GE44G+
44GX44Gf44CCDQrjgZPjgaHjgonjgYvjgonjg5vjg7zjg6Djg5rjg7zjgrjk
vZzmiJDkvp3poLzjgpLjgZnjgovjgZPjgajjgYzjgafjgY3jgb7jgZnjgIIN
Cmh0dHBzOi8vY29jb25hbGEuY29tL3NlcnZpY2VzLzEzMjIyMDk/cmVmPXRv
cF9mYXZvcml0ZXMmcmVmX2tpbmQ9aG9tZSZyZWZfbm89MQ0KDQrku4rlvozj
gajjgoIgTU9USUhPTUVTIOOCkuOCiOOCjeOBl+OBj+OBiumhmOOBhOOBhOOB
n+OBl+OBvuOBmeOAgg0KDQo=

----==_mimepart_5f40c4df944a8_30f4415b2ac271b0
Content-Type: text/html;
 charset=UTF-8
Content-Transfer-Encoding: base64

PCFET0NUWVBFIGh0bWw+DQo8aHRtbD4NCiAgPGhlYWQ+DQogICAgPG1ldGEg
aHR0cC1lcXVpdj0iQ29udGVudC1UeXBlIiBjb250ZW50PSJ0ZXh0L2h0bWw7
IGNoYXJzZXQ9dXRmLTgiIC8+DQogICAgPHN0eWxlPg0KICAgICAgLyogRW1h
aWwgc3R5bGVzIG5lZWQgdG8gYmUgaW5saW5lICovDQogICAgPC9zdHlsZT4N
CiAgPC9oZWFkPg0KDQogIDxib2R5Pg0KICAgIDxoMj5hIOanmDwvaDI+DQo8
cD7jgZPjga7luqbjga/jgIHjgYrllY/jgYTlkIjjgo/jgZvjgYLjgorjgYzj
gajjgYbjgZTjgZbjgYTjgb7jgZfjgZ/jgII8YnI+DQrjgZPjgaHjgonjgYvj
gonjg5vjg7zjg6Djg5rjg7zjgrjkvZzmiJDkvp3poLzjgpLjgZnjgovjgZPj
gajjgYzjgafjgY3jgb7jgZnjgII8YnI+DQpodHRwczovL2NvY29uYWxhLmNv
bS9zZXJ2aWNlcy8xMzIyMjA5P3JlZj10b3BfZmF2b3JpdGVzJnJlZl9raW5k
PWhvbWUmcmVmX25vPTENCjwvcD4NCg0KDQo8cD7ku4rlvozjgajjgoJNT1RJ
SE9NRVPjgpLjgojjgo3jgZfjgY/jgYrpoZjjgYTjgYTjgZ/jgZfjgb7jgZnj
gII8L3A+DQogIDwvYm9keT4NCjwvaHRtbD4NCg==

----==_mimepart_5f40c4df944a8_30f4415b2ac271b0--

Completed 500 Internal Server Error in 20528ms (ActiveRecord: 42.1ms)


  
EOFError (end of file reached):
  
app/controllers/home_controller.rb:11:in `mail'
Started POST "/home/mail" for ::1 at 2020-08-22 15:11:36 +0800
Processing by HomeController#mail as HTML
  Parameters: {"utf8"=>"✓", "authenticity_token"=>"Nys/1wBRKzN5EiB/iM+XXW3qD1uKSXGvPPjRxJ2/20iKCIiajw2iEGkuLF7cNSA63Kbg040EOrWZExJTD5uveA==", "email"=>"yuito20071204@yahoo.co.jp", "name"=>"a"}
  [1m[35m (0.1ms)[0m  [1m[36mbegin transaction[0m
  ↳ app/controllers/home_controller.rb:10
  [1m[36mUser Create (21.3ms)[0m  [1m[32mINSERT INTO "users" ("name", "mail", "created_at", "updated_at") VALUES (?, ?, ?, ?)[0m  [["name", "a"], ["mail", "yuito20071204@yahoo.co.jp"], ["created_at", "2020-08-22 07:11:36.597934"], ["updated_at", "2020-08-22 07:11:36.597934"]]
  ↳ app/controllers/home_controller.rb:10
  [1m[35m (10.6ms)[0m  [1m[36mcommit transaction[0m
  ↳ app/controllers/home_controller.rb:10
  Rendering sample_mailer/send_when_admin_reply.html.erb within layouts/mailer
  Rendered sample_mailer/send_when_admin_reply.html.erb within layouts/mailer (1.0ms)
  Rendering sample_mailer/send_when_admin_reply.text.erb within layouts/mailer
  Rendered sample_mailer/send_when_admin_reply.text.erb within layouts/mailer (1.5ms)
SampleMailer#send_when_admin_reply: processed outbound mail in 83.8ms
Sent mail to yuito20071204@yahoo.co.jp (20159.4ms)
Date: Sat, 22 Aug 2020 15:11:36 +0800
From: MOTIHOMES
To: yuito20071204@yahoo.co.jp
Message-ID: <5f40c528c9234_30f4415b4282741f@DESKTOP-B7LD0U0.mail>
Subject: =?UTF-8?Q?MOTIHOMES?=
 =?UTF-8?Q?_=E3=81=8A=E5=95=8F=E3=81=84=E5=90=88=E3=82=8F=E3=81=9B=E3=81=82=E3=82=8A=E3=81=8C=E3=81=A8=E3=81=86=E3=81=94=E3=81=96=E3=81=84=E3=81=BE=E3=81=99?=
Mime-Version: 1.0
Content-Type: multipart/alternative;
 boundary="--==_mimepart_5f40c528c82a2_30f4415b42827333";
 charset=UTF-8
Content-Transfer-Encoding: 7bit


----==_mimepart_5f40c528c82a2_30f4415b42827333
Content-Type: text/plain;
 charset=UTF-8
Content-Transfer-Encoding: base64

PT09PT09PT09PT09PT09PT09PT09PT09PT09PT09PQ0KYSDmp5gNCj09PT09
PT09PT09PT09PT09PT09PT09PT09PT09PT0NCg0K44GT44Gu5bqm44Gv44CB
44GK5ZWP44GE5ZCI44KP44Gb44GC44KK44GM44Go44GG44GU44GW44GE44G+
44GX44Gf44CCDQrjgZPjgaHjgonjgYvjgonjg5vjg7zjg6Djg5rjg7zjgrjk
vZzmiJDkvp3poLzjgpLjgZnjgovjgZPjgajjgYzjgafjgY3jgb7jgZnjgIIN
Cmh0dHBzOi8vY29jb25hbGEuY29tL3NlcnZpY2VzLzEzMjIyMDk/cmVmPXRv
cF9mYXZvcml0ZXMmcmVmX2tpbmQ9aG9tZSZyZWZfbm89MQ0KDQrku4rlvozj
gajjgoIgTU9USUhPTUVTIOOCkuOCiOOCjeOBl+OBj+OBiumhmOOBhOOBhOOB
n+OBl+OBvuOBmeOAgg0KDQo=

----==_mimepart_5f40c528c82a2_30f4415b42827333
Content-Type: text/html;
 charset=UTF-8
Content-Transfer-Encoding: base64

PCFET0NUWVBFIGh0bWw+DQo8aHRtbD4NCiAgPGhlYWQ+DQogICAgPG1ldGEg
aHR0cC1lcXVpdj0iQ29udGVudC1UeXBlIiBjb250ZW50PSJ0ZXh0L2h0bWw7
IGNoYXJzZXQ9dXRmLTgiIC8+DQogICAgPHN0eWxlPg0KICAgICAgLyogRW1h
aWwgc3R5bGVzIG5lZWQgdG8gYmUgaW5saW5lICovDQogICAgPC9zdHlsZT4N
CiAgPC9oZWFkPg0KDQogIDxib2R5Pg0KICAgIDxoMj5hIOanmDwvaDI+DQo8
cD7jgZPjga7luqbjga/jgIHjgYrllY/jgYTlkIjjgo/jgZvjgYLjgorjgYzj
gajjgYbjgZTjgZbjgYTjgb7jgZfjgZ/jgII8YnI+DQrjgZPjgaHjgonjgYvj
gonjg5vjg7zjg6Djg5rjg7zjgrjkvZzmiJDkvp3poLzjgpLjgZnjgovjgZPj
gajjgYzjgafjgY3jgb7jgZnjgII8YnI+DQpodHRwczovL2NvY29uYWxhLmNv
bS9zZXJ2aWNlcy8xMzIyMjA5P3JlZj10b3BfZmF2b3JpdGVzJnJlZl9raW5k
PWhvbWUmcmVmX25vPTENCjwvcD4NCg0KDQo8cD7ku4rlvozjgajjgoJNT1RJ
SE9NRVPjgpLjgojjgo3jgZfjgY/jgYrpoZjjgYTjgYTjgZ/jgZfjgb7jgZnj
gII8L3A+DQogIDwvYm9keT4NCjwvaHRtbD4NCg==

----==_mimepart_5f40c528c82a2_30f4415b42827333--

Completed 500 Internal Server Error in 20560ms (ActiveRecord: 33.1ms)


  
EOFError (end of file reached):
  
app/controllers/home_controller.rb:11:in `mail'
Started POST "/home/mail" for ::1 at 2020-08-22 15:12:31 +0800
Processing by HomeController#mail as HTML
  Parameters: {"utf8"=>"✓", "authenticity_token"=>"Nys/1wBRKzN5EiB/iM+XXW3qD1uKSXGvPPjRxJ2/20iKCIiajw2iEGkuLF7cNSA63Kbg040EOrWZExJTD5uveA==", "email"=>"yuito20071204@yahoo.co.jp", "name"=>"a"}
  [1m[35m (0.1ms)[0m  [1m[36mbegin transaction[0m
  ↳ app/controllers/home_controller.rb:10
  [1m[36mUser Create (12.9ms)[0m  [1m[32mINSERT INTO "users" ("name", "mail", "created_at", "updated_at") VALUES (?, ?, ?, ?)[0m  [["name", "a"], ["mail", "yuito20071204@yahoo.co.jp"], ["created_at", "2020-08-22 07:12:31.327903"], ["updated_at", "2020-08-22 07:12:31.327903"]]
  ↳ app/controllers/home_controller.rb:10
  [1m[35m (13.9ms)[0m  [1m[36mcommit transaction[0m
  ↳ app/controllers/home_controller.rb:10
  Rendering sample_mailer/send_when_admin_reply.html.erb within layouts/mailer
  Rendered sample_mailer/send_when_admin_reply.html.erb within layouts/mailer (1.9ms)
SampleMailer#send_when_admin_reply: processed outbound mail in 81.5ms
Sent mail to yuito20071204@yahoo.co.jp (20978.5ms)
Date: Sat, 22 Aug 2020 15:12:31 +0800
From: MOTIHOMES
To: yuito20071204@yahoo.co.jp
Message-ID: <5f40c55f7d0ea_30f4415ad20275d9@DESKTOP-B7LD0U0.mail>
Subject: =?UTF-8?Q?MOTIHOMES?=
 =?UTF-8?Q?_=E3=81=8A=E5=95=8F=E3=81=84=E5=90=88=E3=82=8F=E3=81=9B=E3=81=82=E3=82=8A=E3=81=8C=E3=81=A8=E3=81=86=E3=81=94=E3=81=96=E3=81=84=E3=81=BE=E3=81=99?=
Mime-Version: 1.0
Content-Type: text/html;
 charset=UTF-8
Content-Transfer-Encoding: base64

PCFET0NUWVBFIGh0bWw+DQo8aHRtbD4NCiAgPGhlYWQ+DQogICAgPG1ldGEg
aHR0cC1lcXVpdj0iQ29udGVudC1UeXBlIiBjb250ZW50PSJ0ZXh0L2h0bWw7
IGNoYXJzZXQ9dXRmLTgiIC8+DQogICAgPHN0eWxlPg0KICAgICAgLyogRW1h
aWwgc3R5bGVzIG5lZWQgdG8gYmUgaW5saW5lICovDQogICAgPC9zdHlsZT4N
CiAgPC9oZWFkPg0KDQogIDxib2R5Pg0KICAgIDxoMj5hIOanmDwvaDI+DQo8
cD7jgZPjga7luqbjga/jgIHjgYrllY/jgYTlkIjjgo/jgZvjgYLjgorjgYzj
gajjgYbjgZTjgZbjgYTjgb7jgZfjgZ/jgII8YnI+DQrjgZPjgaHjgonjgYvj
gonjg5vjg7zjg6Djg5rjg7zjgrjkvZzmiJDkvp3poLzjgpLjgZnjgovjgZPj
gajjgYzjgafjgY3jgb7jgZnjgII8YnI+DQpodHRwczovL2NvY29uYWxhLmNv
bS9zZXJ2aWNlcy8xMzIyMjA5P3JlZj10b3BfZmF2b3JpdGVzJnJlZl9raW5k
PWhvbWUmcmVmX25vPTENCjwvcD4NCg0KDQo8cD7ku4rlvozjgajjgoJNT1RJ
SE9NRVPjgpLjgojjgo3jgZfjgY/jgYrpoZjjgYTjgYTjgZ/jgZfjgb7jgZnj
gII8L3A+DQogIDwvYm9keT4NCjwvaHRtbD4NCg==

Completed 500 Internal Server Error in 21287ms (ActiveRecord: 27.0ms)


  
EOFError (end of file reached):
  
app/controllers/home_controller.rb:11:in `mail'
Started POST "/home/mail" for ::1 at 2020-08-22 15:14:58 +0800
Processing by HomeController#mail as HTML
  Parameters: {"utf8"=>"✓", "authenticity_token"=>"Nys/1wBRKzN5EiB/iM+XXW3qD1uKSXGvPPjRxJ2/20iKCIiajw2iEGkuLF7cNSA63Kbg040EOrWZExJTD5uveA==", "email"=>"yuito20071204@yahoo.co.jp", "name"=>"a"}
  [1m[35m (0.1ms)[0m  [1m[36mbegin transaction[0m
  ↳ app/controllers/home_controller.rb:10
  [1m[36mUser Create (23.1ms)[0m  [1m[32mINSERT INTO "users" ("name", "mail", "created_at", "updated_at") VALUES (?, ?, ?, ?)[0m  [["name", "a"], ["mail", "yuito20071204@yahoo.co.jp"], ["created_at", "2020-08-22 07:14:58.838522"], ["updated_at", "2020-08-22 07:14:58.838522"]]
  ↳ app/controllers/home_controller.rb:10
  [1m[35m (15.2ms)[0m  [1m[36mcommit transaction[0m
  ↳ app/controllers/home_controller.rb:10
  Rendering sample_mailer/send_when_admin_reply.html.erb within layouts/mailer
  Rendered sample_mailer/send_when_admin_reply.html.erb within layouts/mailer (1.0ms)
SampleMailer#send_when_admin_reply: processed outbound mail in 82.9ms
Sent mail to yuito20071204@yahoo.co.jp (20135.5ms)
Date: Sat, 22 Aug 2020 15:14:59 +0800
From: MOTIHOMES
To: yuito20071204@yahoo.co.jp
Message-ID: <5f40c5f32ce1a_30f4415aeb02765c@DESKTOP-B7LD0U0.mail>
Subject: =?UTF-8?Q?MOTIHOMES?=
 =?UTF-8?Q?_=E3=81=8A=E5=95=8F=E3=81=84=E5=90=88=E3=82=8F=E3=81=9B=E3=81=82=E3=82=8A=E3=81=8C=E3=81=A8=E3=81=86=E3=81=94=E3=81=96=E3=81=84=E3=81=BE=E3=81=99?=
Mime-Version: 1.0
Content-Type: text/html;
 charset=UTF-8
Content-Transfer-Encoding: base64

PCFET0NUWVBFIGh0bWw+DQo8aHRtbD4NCiAgPGhlYWQ+DQogICAgPG1ldGEg
aHR0cC1lcXVpdj0iQ29udGVudC1UeXBlIiBjb250ZW50PSJ0ZXh0L2h0bWw7
IGNoYXJzZXQ9dXRmLTgiIC8+DQogICAgPHN0eWxlPg0KICAgICAgLyogRW1h
aWwgc3R5bGVzIG5lZWQgdG8gYmUgaW5saW5lICovDQogICAgPC9zdHlsZT4N
CiAgPC9oZWFkPg0KDQogIDxib2R5Pg0KICAgIDxoMj5hIOanmDwvaDI+DQo8
cD7jgZPjga7luqbjga/jgIHjgYrllY/jgYTlkIjjgo/jgZvjgYLjgorjgYzj
gajjgYbjgZTjgZbjgYTjgb7jgZfjgZ/jgII8YnI+DQrjgZPjgaHjgonjgYvj
gonjg5vjg7zjg6Djg5rjg7zjgrjkvZzmiJDkvp3poLzjgpLjgZnjgovjgZPj
gajjgYzjgafjgY3jgb7jgZnjgII8YnI+DQpodHRwczovL2NvY29uYWxhLmNv
bS9zZXJ2aWNlcy8xMzIyMjA5P3JlZj10b3BfZmF2b3JpdGVzJnJlZl9raW5k
PWhvbWUmcmVmX25vPTENCjwvcD4NCg0KDQo8cD7ku4rlvozjgajjgoJNT1RJ
SE9NRVPjgpLjgojjgo3jgZfjgY/jgYrpoZjjgYTjgYTjgZ/jgZfjgb7jgZnj
gII8L3A+DQogIDwvYm9keT4NCjwvaHRtbD4NCg==

Completed 500 Internal Server Error in 20818ms (ActiveRecord: 39.6ms)


  
EOFError (end of file reached):
  
app/controllers/home_controller.rb:12:in `mail'
Started POST "/home/mail" for ::1 at 2020-08-22 15:16:21 +0800
Processing by HomeController#mail as HTML
  Parameters: {"utf8"=>"✓", "authenticity_token"=>"Nys/1wBRKzN5EiB/iM+XXW3qD1uKSXGvPPjRxJ2/20iKCIiajw2iEGkuLF7cNSA63Kbg040EOrWZExJTD5uveA==", "email"=>"yuito", "name"=>"a"}
  [1m[35m (0.1ms)[0m  [1m[36mbegin transaction[0m
  ↳ app/controllers/home_controller.rb:10
  [1m[36mUser Create (9.7ms)[0m  [1m[32mINSERT INTO "users" ("name", "mail", "created_at", "updated_at") VALUES (?, ?, ?, ?)[0m  [["name", "a"], ["mail", "yuito"], ["created_at", "2020-08-22 07:16:21.269980"], ["updated_at", "2020-08-22 07:16:21.269980"]]
  ↳ app/controllers/home_controller.rb:10
  [1m[35m (18.8ms)[0m  [1m[36mcommit transaction[0m
  ↳ app/controllers/home_controller.rb:10
  Rendering sample_mailer/send_when_admin_reply.html.erb within layouts/mailer
  Rendered sample_mailer/send_when_admin_reply.html.erb within layouts/mailer (0.6ms)
SampleMailer#send_when_admin_reply: processed outbound mail in 57.8ms
Sent mail to yuito (20209.1ms)
Date: Sat, 22 Aug 2020 15:16:21 +0800
From: MOTIHOMES
To: yuito
Message-ID: <5f40c6456e107_30f4415b054277e3@DESKTOP-B7LD0U0.mail>
Subject: =?UTF-8?Q?MOTIHOMES?=
 =?UTF-8?Q?_=E3=81=8A=E5=95=8F=E3=81=84=E5=90=88=E3=82=8F=E3=81=9B=E3=81=82=E3=82=8A=E3=81=8C=E3=81=A8=E3=81=86=E3=81=94=E3=81=96=E3=81=84=E3=81=BE=E3=81=99?=
Mime-Version: 1.0
Content-Type: text/html;
 charset=UTF-8
Content-Transfer-Encoding: base64

PCFET0NUWVBFIGh0bWw+DQo8aHRtbD4NCiAgPGhlYWQ+DQogICAgPG1ldGEg
aHR0cC1lcXVpdj0iQ29udGVudC1UeXBlIiBjb250ZW50PSJ0ZXh0L2h0bWw7
IGNoYXJzZXQ9dXRmLTgiIC8+DQogICAgPHN0eWxlPg0KICAgICAgLyogRW1h
aWwgc3R5bGVzIG5lZWQgdG8gYmUgaW5saW5lICovDQogICAgPC9zdHlsZT4N
CiAgPC9oZWFkPg0KDQogIDxib2R5Pg0KICAgIDxoMj5hIOanmDwvaDI+DQo8
cD7jgZPjga7luqbjga/jgIHjgYrllY/jgYTlkIjjgo/jgZvjgYLjgorjgYzj
gajjgYbjgZTjgZbjgYTjgb7jgZfjgZ/jgII8YnI+DQrjgZPjgaHjgonjgYvj
gonjg5vjg7zjg6Djg5rjg7zjgrjkvZzmiJDkvp3poLzjgpLjgZnjgovjgZPj
gajjgYzjgafjgY3jgb7jgZnjgII8YnI+DQpodHRwczovL2NvY29uYWxhLmNv
bS9zZXJ2aWNlcy8xMzIyMjA5P3JlZj10b3BfZmF2b3JpdGVzJnJlZl9raW5k
PWhvbWUmcmVmX25vPTENCjwvcD4NCg0KDQo8cD7ku4rlvozjgajjgoJNT1RJ
SE9NRVPjgpLjgojjgo3jgZfjgY/jgYrpoZjjgYTjgYTjgZ/jgZfjgb7jgZnj
gII8L3A+DQogIDwvYm9keT4NCjwvaHRtbD4NCg==

Completed 500 Internal Server Error in 20458ms (ActiveRecord: 28.5ms)


  
EOFError (end of file reached):
  
app/controllers/home_controller.rb:12:in `mail'
Started POST "/home/mail" for ::1 at 2020-08-22 15:17:02 +0800
Processing by HomeController#mail as HTML
  Parameters: {"utf8"=>"✓", "authenticity_token"=>"Nys/1wBRKzN5EiB/iM+XXW3qD1uKSXGvPPjRxJ2/20iKCIiajw2iEGkuLF7cNSA63Kbg040EOrWZExJTD5uveA==", "email"=>"yuito20071204@yahoo.co.jp", "name"=>"a"}
  [1m[35m (0.1ms)[0m  [1m[36mbegin transaction[0m
  ↳ app/controllers/home_controller.rb:10
  [1m[36mUser Create (12.4ms)[0m  [1m[32mINSERT INTO "users" ("name", "mail", "created_at", "updated_at") VALUES (?, ?, ?, ?)[0m  [["name", "a"], ["mail", "yuito20071204@yahoo.co.jp"], ["created_at", "2020-08-22 07:17:02.761769"], ["updated_at", "2020-08-22 07:17:02.761769"]]
  ↳ app/controllers/home_controller.rb:10
  [1m[35m (8.1ms)[0m  [1m[36mcommit transaction[0m
  ↳ app/controllers/home_controller.rb:10
  Rendering sample_mailer/send_when_admin_reply.html.erb within layouts/mailer
  Rendered sample_mailer/send_when_admin_reply.html.erb within layouts/mailer (0.4ms)
SampleMailer#send_when_admin_reply: processed outbound mail in 45.4ms
Sent mail to yuito20071204@yahoo.co.jp (20170.5ms)
Date: Sat, 22 Aug 2020 15:17:02 +0800
From: MOTIHOMES
To: yuito20071204@yahoo.co.jp
Message-ID: <5f40c66ed1541_30f4415ad20278dd@DESKTOP-B7LD0U0.mail>
Subject: =?UTF-8?Q?MOTIHOMES?=
 =?UTF-8?Q?_=E3=81=8A=E5=95=8F=E3=81=84=E5=90=88=E3=82=8F=E3=81=9B=E3=81=82=E3=82=8A=E3=81=8C=E3=81=A8=E3=81=86=E3=81=94=E3=81=96=E3=81=84=E3=81=BE=E3=81=99?=
Mime-Version: 1.0
Content-Type: text/html;
 charset=UTF-8
Content-Transfer-Encoding: base64

PCFET0NUWVBFIGh0bWw+DQo8aHRtbD4NCiAgPGhlYWQ+DQogICAgPG1ldGEg
aHR0cC1lcXVpdj0iQ29udGVudC1UeXBlIiBjb250ZW50PSJ0ZXh0L2h0bWw7
IGNoYXJzZXQ9dXRmLTgiIC8+DQogICAgPHN0eWxlPg0KICAgICAgLyogRW1h
aWwgc3R5bGVzIG5lZWQgdG8gYmUgaW5saW5lICovDQogICAgPC9zdHlsZT4N
CiAgPC9oZWFkPg0KDQogIDxib2R5Pg0KICAgIDxoMj5hIOanmDwvaDI+DQo8
cD7jgZPjga7luqbjga/jgIHjgYrllY/jgYTlkIjjgo/jgZvjgYLjgorjgYzj
gajjgYbjgZTjgZbjgYTjgb7jgZfjgZ/jgII8YnI+DQrjgZPjgaHjgonjgYvj
gonjg5vjg7zjg6Djg5rjg7zjgrjkvZzmiJDkvp3poLzjgpLjgZnjgovjgZPj
gajjgYzjgafjgY3jgb7jgZnjgII8YnI+DQpodHRwczovL2NvY29uYWxhLmNv
bS9zZXJ2aWNlcy8xMzIyMjA5P3JlZj10b3BfZmF2b3JpdGVzJnJlZl9raW5k
PWhvbWUmcmVmX25vPTENCjwvcD4NCg0KDQo8cD7ku4rlvozjgajjgoJNT1RJ
SE9NRVPjgpLjgojjgo3jgZfjgY/jgYrpoZjjgYTjgYTjgZ/jgZfjgb7jgZnj
gII8L3A+DQogIDwvYm9keT4NCjwvaHRtbD4NCg==

Completed 500 Internal Server Error in 20360ms (ActiveRecord: 20.6ms)


  
EOFError (end of file reached):
  
app/controllers/home_controller.rb:12:in `mail'
Started POST "/home/mail" for ::1 at 2020-08-22 15:19:53 +0800
Processing by HomeController#mail as HTML
  Parameters: {"utf8"=>"✓", "authenticity_token"=>"Nys/1wBRKzN5EiB/iM+XXW3qD1uKSXGvPPjRxJ2/20iKCIiajw2iEGkuLF7cNSA63Kbg040EOrWZExJTD5uveA==", "email"=>"yuito20071204@yahoo.co.jp", "name"=>"a"}
  [1m[35m (0.1ms)[0m  [1m[36mbegin transaction[0m
  ↳ app/controllers/home_controller.rb:10
  [1m[36mUser Create (10.2ms)[0m  [1m[32mINSERT INTO "users" ("name", "mail", "created_at", "updated_at") VALUES (?, ?, ?, ?)[0m  [["name", "a"], ["mail", "yuito20071204@yahoo.co.jp"], ["created_at", "2020-08-22 07:19:54.232315"], ["updated_at", "2020-08-22 07:19:54.232315"]]
  ↳ app/controllers/home_controller.rb:10
  [1m[35m (11.7ms)[0m  [1m[36mcommit transaction[0m
  ↳ app/controllers/home_controller.rb:10
  Rendering sample_mailer/send_when_admin_reply.html.erb within layouts/mailer
  Rendered sample_mailer/send_when_admin_reply.html.erb within layouts/mailer (0.7ms)
SampleMailer#send_when_admin_reply: processed outbound mail in 43.1ms
Sent mail to yuito20071204@yahoo.co.jp (20175.3ms)
Date: Sat, 22 Aug 2020 15:19:54 +0800
From: MOTIHOMES
To: yuito20071204@yahoo.co.jp
Message-ID: <5f40c71a72a04_30f4415b054279fe@DESKTOP-B7LD0U0.mail>
Subject: =?UTF-8?Q?MOTIHOMES?=
 =?UTF-8?Q?_=E3=81=8A=E5=95=8F=E3=81=84=E5=90=88=E3=82=8F=E3=81=9B=E3=81=82=E3=82=8A=E3=81=8C=E3=81=A8=E3=81=86=E3=81=94=E3=81=96=E3=81=84=E3=81=BE=E3=81=99?=
Mime-Version: 1.0
Content-Type: text/html;
 charset=UTF-8
Content-Transfer-Encoding: base64

PCFET0NUWVBFIGh0bWw+DQo8aHRtbD4NCiAgPGhlYWQ+DQogICAgPG1ldGEg
aHR0cC1lcXVpdj0iQ29udGVudC1UeXBlIiBjb250ZW50PSJ0ZXh0L2h0bWw7
IGNoYXJzZXQ9dXRmLTgiIC8+DQogICAgPHN0eWxlPg0KICAgICAgLyogRW1h
aWwgc3R5bGVzIG5lZWQgdG8gYmUgaW5saW5lICovDQogICAgPC9zdHlsZT4N
CiAgPC9oZWFkPg0KDQogIDxib2R5Pg0KICAgIDxoMj5hIOanmDwvaDI+DQo8
cD7jgZPjga7luqbjga/jgIHjgYrllY/jgYTlkIjjgo/jgZvjgYLjgorjgYzj
gajjgYbjgZTjgZbjgYTjgb7jgZfjgZ/jgII8YnI+DQrjgZPjgaHjgonjgYvj
gonjg5vjg7zjg6Djg5rjg7zjgrjkvZzmiJDkvp3poLzjgpLjgZnjgovjgZPj
gajjgYzjgafjgY3jgb7jgZnjgII8YnI+DQpodHRwczovL2NvY29uYWxhLmNv
bS9zZXJ2aWNlcy8xMzIyMjA5P3JlZj10b3BfZmF2b3JpdGVzJnJlZl9raW5k
PWhvbWUmcmVmX25vPTENCjwvcD4NCg0KDQo8cD7ku4rlvozjgajjgoJNT1RJ
SE9NRVPjgpLjgojjgo3jgZfjgY/jgYrpoZjjgYTjgYTjgZ/jgZfjgb7jgZnj
gII8L3A+DQogIDwvYm9keT4NCjwvaHRtbD4NCg==

Completed 500 Internal Server Error in 20506ms (ActiveRecord: 24.0ms)


  
EOFError (end of file reached):
  
app/controllers/home_controller.rb:14:in `mail'
Started POST "/home/mail" for ::1 at 2020-08-22 15:29:36 +0800
Processing by HomeController#mail as HTML
  Parameters: {"utf8"=>"✓", "authenticity_token"=>"Nys/1wBRKzN5EiB/iM+XXW3qD1uKSXGvPPjRxJ2/20iKCIiajw2iEGkuLF7cNSA63Kbg040EOrWZExJTD5uveA==", "email"=>"yuito20071204@yahoo.co.jp", "name"=>"a"}
Redirected to http://localhost:3000/home/a
  [1m[35m (0.1ms)[0m  [1m[36mbegin transaction[0m
  ↳ app/controllers/home_controller.rb:11
  [1m[36mUser Create (8.3ms)[0m  [1m[32mINSERT INTO "users" ("name", "mail", "created_at", "updated_at") VALUES (?, ?, ?, ?)[0m  [["name", "a"], ["mail", "yuito20071204@yahoo.co.jp"], ["created_at", "2020-08-22 07:29:37.176649"], ["updated_at", "2020-08-22 07:29:37.176649"]]
  ↳ app/controllers/home_controller.rb:11
  [1m[35m (5.9ms)[0m  [1m[36mcommit transaction[0m
  ↳ app/controllers/home_controller.rb:11
  Rendering sample_mailer/send_when_admin_reply.html.erb within layouts/mailer
  Rendered sample_mailer/send_when_admin_reply.html.erb within layouts/mailer (0.5ms)
SampleMailer#send_when_admin_reply: processed outbound mail in 44.2ms
Sent mail to yuito20071204@yahoo.co.jp (20118.2ms)
Date: Sat, 22 Aug 2020 15:29:37 +0800
From: MOTIHOMES
To: yuito20071204@yahoo.co.jp
Message-ID: <5f40c9614c460_30f4415b42828041@DESKTOP-B7LD0U0.mail>
Subject: =?UTF-8?Q?MOTIHOMES?=
 =?UTF-8?Q?_=E3=81=8A=E5=95=8F=E3=81=84=E5=90=88=E3=82=8F=E3=81=9B=E3=81=82=E3=82=8A=E3=81=8C=E3=81=A8=E3=81=86=E3=81=94=E3=81=96=E3=81=84=E3=81=BE=E3=81=99?=
Mime-Version: 1.0
Content-Type: text/html;
 charset=UTF-8
Content-Transfer-Encoding: base64

PCFET0NUWVBFIGh0bWw+DQo8aHRtbD4NCiAgPGhlYWQ+DQogICAgPG1ldGEg
aHR0cC1lcXVpdj0iQ29udGVudC1UeXBlIiBjb250ZW50PSJ0ZXh0L2h0bWw7
IGNoYXJzZXQ9dXRmLTgiIC8+DQogICAgPHN0eWxlPg0KICAgICAgLyogRW1h
aWwgc3R5bGVzIG5lZWQgdG8gYmUgaW5saW5lICovDQogICAgPC9zdHlsZT4N
CiAgPC9oZWFkPg0KDQogIDxib2R5Pg0KICAgIDxoMj5hIOanmDwvaDI+DQo8
cD7jgZPjga7luqbjga/jgIHjgYrllY/jgYTlkIjjgo/jgZvjgYLjgorjgYzj
gajjgYbjgZTjgZbjgYTjgb7jgZfjgZ/jgII8YnI+DQrjgZPjgaHjgonjgYvj
gonjg5vjg7zjg6Djg5rjg7zjgrjkvZzmiJDkvp3poLzjgpLjgZnjgovjgZPj
gajjgYzjgafjgY3jgb7jgZnjgII8YnI+DQpodHRwczovL2NvY29uYWxhLmNv
bS9zZXJ2aWNlcy8xMzIyMjA5P3JlZj10b3BfZmF2b3JpdGVzJnJlZl9raW5k
PWhvbWUmcmVmX25vPTENCjwvcD4NCg0KDQo8cD7ku4rlvozjgajjgoJNT1RJ
SE9NRVPjgpLjgojjgo3jgZfjgY/jgYrpoZjjgYTjgYTjgZ/jgZfjgb7jgZnj
gII8L3A+DQogIDwvYm9keT4NCjwvaHRtbD4NCg==

Completed 500 Internal Server Error in 20308ms (ActiveRecord: 16.8ms)


  
EOFError (end of file reached):
  
app/controllers/home_controller.rb:12:in `mail'
Started POST "/home/mail" for ::1 at 2020-08-22 15:30:49 +0800
Processing by HomeController#mail as HTML
  Parameters: {"utf8"=>"✓", "authenticity_token"=>"Nys/1wBRKzN5EiB/iM+XXW3qD1uKSXGvPPjRxJ2/20iKCIiajw2iEGkuLF7cNSA63Kbg040EOrWZExJTD5uveA==", "email"=>"yuito20071204@yahoo.co.jp", "name"=>"a"}
Redirected to http://localhost:3000/home/a
Completed 302 Found in 43ms (ActiveRecord: 2.2ms)


Started GET "/home/a" for ::1 at 2020-08-22 15:30:50 +0800
Processing by HomeController#a as HTML
  Rendering home/a.html.erb within layouts/application
  Rendered home/a.html.erb within layouts/application (0.4ms)
Completed 200 OK in 151ms (Views: 133.7ms | ActiveRecord: 0.0ms)


Started GET "/home/a" for ::1 at 2020-08-22 15:31:12 +0800
Processing by HomeController#a as HTML
  Rendering home/a.html.erb within layouts/application
  Rendered home/a.html.erb within layouts/application (0.5ms)
Completed 200 OK in 160ms (Views: 152.3ms | ActiveRecord: 0.0ms)


Started GET "/home/a" for ::1 at 2020-08-22 15:32:15 +0800
Processing by HomeController#a as HTML
  Rendering home/a.html.erb within layouts/application
  Rendered home/a.html.erb within layouts/application (0.4ms)
Completed 200 OK in 188ms (Views: 175.3ms | ActiveRecord: 0.0ms)


Started GET "/home/a" for ::1 at 2020-08-22 15:33:06 +0800
Processing by HomeController#a as HTML
  Rendering home/a.html.erb within layouts/application
  Rendered home/a.html.erb within layouts/application (435.5ms)
Completed 500 Internal Server Error in 467ms (ActiveRecord: 0.0ms)


  
ActionView::Template::Error (undefined local variable or method `section' for #<#<Class:0x000000000d3dcec8>:0x000000000d3f4d48>
Did you mean?  session):
    1: <%= @user %>
    2: <%= @a %>
    3: <%= section[:user] %>
  
app/views/home/a.html.erb:3:in `_app_views_home_a_html_erb__790982679_111061300'
Started GET "/home/a" for ::1 at 2020-08-22 15:33:56 +0800
Processing by HomeController#a as HTML
  Rendering home/a.html.erb within layouts/application
  Rendered home/a.html.erb within layouts/application (1240.8ms)
Completed 500 Internal Server Error in 1285ms (ActiveRecord: 0.0ms)


  
ActionView::Template::Error (undefined local variable or method `section' for #<#<Class:0x000000000d3dcec8>:0x000000000fa14f50>
Did you mean?  session):
    1: <%= @user %>
    2: <%= @a %>
    3: <%= @user = section[:user] %>
    4: <%= @user %>
  
app/views/home/a.html.erb:3:in `_app_views_home_a_html_erb__790982679_131116800'
Started GET "/home/a" for ::1 at 2020-08-22 15:35:19 +0800
Processing by HomeController#a as HTML
  Rendering home/a.html.erb within layouts/application
  Rendered home/a.html.erb within layouts/application (0.6ms)
Completed 200 OK in 241ms (Views: 233.8ms | ActiveRecord: 0.0ms)


Started GET "/home/a" for ::1 at 2020-08-22 15:37:07 +0800
Processing by HomeController#a as HTML
  Rendering home/a.html.erb within layouts/application
  Rendered home/a.html.erb within layouts/application (9.5ms)
Completed 500 Internal Server Error in 38ms (ActiveRecord: 0.0ms)


  
ActionView::Template::Error (undefined method `name' for nil:NilClass):
    1: <%= @user %>
    2: <%= @a %>
    3: <%= session[:user].name %>
    4: <%= @user %>
  
app/views/home/a.html.erb:3:in `_app_views_home_a_html_erb__790982679_109794660'
